<?xml version="1.0" encoding="UTF-8"?>
<testng-results ignored="1" total="2" passed="1" failed="0" skipped="0">
  <reporter-output>
  </reporter-output>
  <suite started-at="2023-04-03T16:57:25 EDT" name="Default suite" finished-at="2023-04-03T16:57:47 EDT" duration-ms="22147">
    <groups>
    </groups>
    <test started-at="2023-04-03T16:57:25 EDT" name="Default test" finished-at="2023-04-03T16:57:47 EDT" duration-ms="22147">
      <class name="pageTest.RimerTest">
        <test-method is-config="true" signature="beforeTest()[pri:0, instance:pageTest.RimerTest@1184ab05]" started-at="2023-04-03T16:57:25 EDT" name="beforeTest" finished-at="2023-04-03T16:57:40 EDT" duration-ms="14217" status="PASS">
          <reporter-output>
          </reporter-output>
        </test-method> <!-- beforeTest -->
        <test-method signature="clickLink()[pri:0, instance:pageTest.RimerTest@1184ab05]" started-at="2023-04-03T16:57:40 EDT" name="clickLink" finished-at="2023-04-03T16:57:47 EDT" duration-ms="7867" status="PASS">
          <reporter-output>
          </reporter-output>
        </test-method> <!-- clickLink -->
      </class> <!-- pageTest.RimerTest -->
    </test> <!-- Default test -->
  </suite> <!-- Default suite -->
</testng-results>
