<?xml version="1.0" encoding="UTF-8"?>
<!-- Generated by org.testng.reporters.JUnitXMLReporter -->
<testsuite ignored="2" hostname="MacBook-Pro.local" failures="0" tests="1" name="Default test" time="17.215" errors="0" timestamp="2023-04-12T21:33:29 EDT">
  <testcase classname="pageTest.HomePage2Test" name="verifyNeedHelpCenter" time="5.202"/>
  <testcase classname="pageTest.HomePage2Test" name="searchBarBoxVerify" time="0.0">
    <ignored/>
  </testcase> <!-- searchBarBoxVerify -->
  <testcase classname="pageTest.HomePage2Test" name="verifyLogoSuccessfully" time="0.0">
    <ignored/>
  </testcase> <!-- verifyLogoSuccessfully -->
</testsuite> <!-- Default test -->
