<?xml version="1.0" encoding="UTF-8"?>
<!-- Generated by org.testng.reporters.JUnitXMLReporter -->
<testsuite ignored="2" hostname="MacBook-Pro.local" failures="0" tests="1" name="Default test" time="27.585" errors="0" timestamp="2023-04-09T00:22:33 EDT">
  <testcase classname="pageTest.HomePage2Test" name="searchBarBoxVerify" time="13.219"/>
  <testcase classname="pageTest.HomePage2Test" name="verifyLogoSuccessfully" time="0.0">
    <ignored/>
  </testcase> <!-- verifyLogoSuccessfully -->
  <testcase classname="pageTest.HomePage2Test" name="verifyNeedHelpCenter" time="0.0">
    <ignored/>
  </testcase> <!-- verifyNeedHelpCenter -->
</testsuite> <!-- Default test -->
