<?xml version="1.0" encoding="UTF-8"?>
<!-- Generated by org.testng.reporters.JUnitXMLReporter -->
<testsuite ignored="0" hostname="MacBook-Pro.local" failures="0" tests="5" name="Test" time="91.408" errors="0" timestamp="2023-04-13T20:10:22 EDT">
  <testcase classname="pageTest.LoginPageTest" name="loginSucessfullly" time="9.492"/>
  <testcase classname="pageTest.LoginPageTest" name="loginFail" time="3.684"/>
  <testcase classname="pageTest.HomePageTest" name="selectCountrySuccessfullly" time="10.189"/>
  <testcase classname="pageTest.HomePageTest" name="verifyALlSocialMedia" time="4.321"/>
  <testcase classname="pageTest.HomePageTest" name="verifyImageOnHP" time="12.96"/>
</testsuite> <!-- Test -->
