<?xml version="1.0" encoding="UTF-8"?>
<!-- Generated by org.testng.reporters.JUnitXMLReporter -->
<testsuite ignored="1" hostname="MacBook-Pro.local" failures="5" tests="5" name="Test2" time="0.116" errors="0" timestamp="2023-04-07T03:06:09 EDT">
  <testcase classname="pageTest.LoginPageTest" name="loginSucessfullly" time="0.015">
    <failure type="java.lang.NullPointerException" message="Cannot invoke &amp;quot;pageObject.LoginPage.loginSuccessfullyMethod()&amp;quot; because &amp;quot;pageTest.LoginPageTest.lp&amp;quot; is null">
      <![CDATA[java.lang.NullPointerException: Cannot invoke "pageObject.LoginPage.loginSuccessfullyMethod()" because "pageTest.LoginPageTest.lp" is null
at pageTest.LoginPageTest.loginSucessfullly(LoginPageTest.java:22)
at java.base/java.util.ArrayList.forEach(ArrayList.java:1511)
... Removed 25 stack frames]]>
    </failure>
  </testcase> <!-- loginSucessfullly -->
  <testcase classname="pageTest.LoginPageTest" name="loginFail" time="0.002">
    <failure type="java.lang.NullPointerException" message="Cannot invoke &amp;quot;pageObject.LoginPage.loginErrorMethod()&amp;quot; because &amp;quot;pageTest.LoginPageTest.lp&amp;quot; is null">
      <![CDATA[java.lang.NullPointerException: Cannot invoke "pageObject.LoginPage.loginErrorMethod()" because "pageTest.LoginPageTest.lp" is null
at pageTest.LoginPageTest.loginFail(LoginPageTest.java:28)
at java.base/java.util.ArrayList.forEach(ArrayList.java:1511)
... Removed 25 stack frames]]>
    </failure>
  </testcase> <!-- loginFail -->
  <testcase classname="pageTest.HomePageTest" name="selectCountrySuccessfullly" time="0.008">
    <failure type="java.lang.NullPointerException" message="Cannot invoke &amp;quot;pageObject.HomePage.selectCounty()&amp;quot; because &amp;quot;pageTest.HomePageTest.hp&amp;quot; is null">
      <![CDATA[java.lang.NullPointerException: Cannot invoke "pageObject.HomePage.selectCounty()" because "pageTest.HomePageTest.hp" is null
at pageTest.HomePageTest.selectCountrySuccessfullly(HomePageTest.java:30)
at java.base/java.util.ArrayList.forEach(ArrayList.java:1511)
... Removed 25 stack frames]]>
    </failure>
  </testcase> <!-- selectCountrySuccessfullly -->
  <testcase classname="pageTest.HomePageTest" name="verifyALlSocialMedia" time="0.002">
    <failure type="java.lang.NullPointerException" message="Cannot invoke &amp;quot;pageObject.HomePage.followArtsperText()&amp;quot; because &amp;quot;pageTest.HomePageTest.hp&amp;quot; is null">
      <![CDATA[java.lang.NullPointerException: Cannot invoke "pageObject.HomePage.followArtsperText()" because "pageTest.HomePageTest.hp" is null
at pageTest.HomePageTest.verifyALlSocialMedia(HomePageTest.java:37)
at java.base/java.util.ArrayList.forEach(ArrayList.java:1511)
... Removed 25 stack frames]]>
    </failure>
  </testcase> <!-- verifyALlSocialMedia -->
  <testcase classname="pageTest.HomePageTest" name="verifyImageOnHP" time="0.002">
    <failure type="java.lang.NullPointerException" message="Cannot invoke &amp;quot;pageObject.HomePage.slideImgOnHP()&amp;quot; because &amp;quot;pageTest.HomePageTest.hp&amp;quot; is null">
      <![CDATA[java.lang.NullPointerException: Cannot invoke "pageObject.HomePage.slideImgOnHP()" because "pageTest.HomePageTest.hp" is null
at pageTest.HomePageTest.verifyImageOnHP(HomePageTest.java:47)
at java.base/java.util.ArrayList.forEach(ArrayList.java:1511)
... Removed 25 stack frames]]>
    </failure>
  </testcase> <!-- verifyImageOnHP -->
  <testcase classname="pageTest.HomePageTest" name="loginSuccessfully" time="0.0">
    <ignored/>
  </testcase> <!-- loginSuccessfully -->
</testsuite> <!-- Test2 -->
